<?xml version="1.0" encoding="UTF-8"?>
<!-- Generated by org.testng.reporters.JUnitReportReporter -->
<testsuite hostname="DESKTOP-DB3R0BH" name="com.backend.executor.TestRunner" tests="1" failures="0" timestamp="17 Apr 2019 23:31:33 GMT" time="60.860" errors="0">
  <testcase name="startExecution" time="60.860" classname="com.backend.executor.TestRunner"/>
</testsuite> <!-- com.backend.executor.TestRunner -->
