<?xml version="1.0" encoding="UTF-8"?>
<!-- Generated by org.testng.reporters.JUnitReportReporter -->
<testsuite hostname="DESKTOP-DB3R0BH" name="com.backend.executor.TestRunner" tests="1" failures="0" timestamp="18 Apr 2019 18:52:00 GMT" time="167.416" errors="0">
  <testcase name="startExecution" time="167.416" classname="com.backend.executor.TestRunner"/>
</testsuite> <!-- com.backend.executor.TestRunner -->
