<?xml version="1.0" encoding="UTF-8"?>
<!-- Generated by org.testng.reporters.JUnitReportReporter -->
<testsuite hostname="DESKTOP-DB3R0BH" name="com.tests.BasicExecution" tests="1" failures="0" timestamp="18 Apr 2019 15:19:53 GMT" time="83.636" errors="0">
  <testcase name="Suite1" time="83.636" classname="com.tests.BasicExecution"/>
</testsuite> <!-- com.tests.BasicExecution -->
