<?xml version="1.0" encoding="UTF-8"?>
<!-- Generated by org.testng.reporters.JUnitReportReporter -->
<testsuite hostname="DESKTOP-DB3R0BH" name="com.tests.BasicExecution" tests="1" failures="0" timestamp="17 Apr 2019 22:48:05 GMT" time="89.616" errors="0">
  <testcase name="Suite1" time="89.616" classname="com.tests.BasicExecution"/>
</testsuite> <!-- com.tests.BasicExecution -->
